<?xml version="1.0" encoding="UTF-8"?>
<!-- Generated by org.testng.reporters.JUnitReportReporter -->
<testsuite hostname="ambaganTherese" failures="0" tests="1" name="Runner.testRunner" time="17.510" errors="0" timestamp="2020-08-08T01:39:00 CST" skipped="0">
  <testcase classname="Runner.testRunner" name="feature" time="17.510"/>
  <system-out/>
</testsuite> <!-- Runner.testRunner -->
